11:34:29  12/ 3/2025

 Program to calculate adiabats as a function of R and theta for dipolar scattering
 including static electric and MW fields

 Basis set is symmetrized product of dc field dressed states of diatoms and photon states,
 which in general reads |til{n}1 mn1>|til{n}2 mn2>|N>

 Basis set uses monomer diatom nmax =  1

 Dressed basis set will be constructed at reference electric field =  0.0000 kV/cm

 Number of monomer basis functions =   4

 Theta and phi in degrees are  90.0 and   0.0

 Assigning a non-negative integer quantum number 'a' to represent each monomer state

 Mapping of monomer quantum numbers:
 ----------------------------- 
       a       n       mn      
 ----------------------------- 
       0       0       0
       1       1       0
       2       1      -1
       3       1       1

 Pair Hamiltonian basis set will be constructed using user input npair and ipair.

 Time (s) in pairbasis_builder:    5.90E-02

 -------------------------------
 Efield dressed monomer energies
 -------------------------------
      a       Energy (brot)     
 -------------------------------
      0        0.0000E+00
      1        2.0000E+00
      2        2.0000E+00
      3        2.0000E+00

 -----------------------------------------
        Pair state quantum numbers        
 -----------------------------------------
     State      a1       a2      nph      
 -----------------------------------------
        1        0        0        0
        2        0        1       -1
        3        0        2       -1
        4        0        3       -1
        5        1        3       -2
        6        2        3       -2
        7        3        3       -2

 Potential terms will be constructed from  1 R-dependent term(s) and  3 asymptotic term(s).

 MW transition from states a_i =   0 to a_f =   3

 Ellipticity xi in degrees =   0.0

 AC electric field (kV/cm) for Rabi coupling is:  3.67E-02

 VCONST (cm-1) for MW coupling is  -8.37737443E-04

 Potential term  1

             1           2           3           4           5           6           7
    1   -0.00E+00
    2    0.00E+00    3.33E-01
    3    0.00E+00   -0.00E+00   -1.67E-01
    4    0.00E+00   -0.00E+00    5.00E-01   -1.67E-01
    5    0.00E+00    0.00E+00    0.00E+00    0.00E+00   -0.00E+00
    6    0.00E+00    0.00E+00    0.00E+00    0.00E+00   -0.00E+00   -0.00E+00
    7    0.00E+00    0.00E+00    0.00E+00    0.00E+00   -0.00E+00   -0.00E+00   -0.00E+00

 Potential term  2

             1           2           3           4           5           6           7
    1    1.00E+00
    2    0.00E+00    1.00E+00
    3    0.00E+00    0.00E+00    1.00E+00
    4    0.00E+00    0.00E+00    0.00E+00    1.00E+00
    5    0.00E+00    0.00E+00    0.00E+00    0.00E+00    1.00E+00
    6    0.00E+00    0.00E+00    0.00E+00    0.00E+00    0.00E+00    1.00E+00
    7    0.00E+00    0.00E+00    0.00E+00    0.00E+00    0.00E+00    0.00E+00    1.00E+00

 Potential term  3

             1           2           3           4           5           6           7
    1    0.00E+00
    2    0.00E+00    0.00E+00
    3    0.00E+00    0.00E+00    0.00E+00
    4    8.16E-01    0.00E+00    0.00E+00    0.00E+00
    5    0.00E+00    5.77E-01    0.00E+00    0.00E+00    0.00E+00
    6    0.00E+00    0.00E+00    5.77E-01    0.00E+00    0.00E+00    0.00E+00
    7    0.00E+00    0.00E+00    0.00E+00    8.16E-01    0.00E+00    0.00E+00    0.00E+00

 Potential term  4

 All elements for this potential term are zero

 Time (s) in coupling:    9.00E-03

 The thresholds (MHz) are
   -4.0016E+01   -2.9508E+01   -2.9508E+01   -9.5000E+00    1.0082E+00    1.0082E+00    2.1016E+01
 No. of R steps:       961

 Time (s) in R loop:    1.40E-02

 Adiabats written to file 'calculated_adiabats.dat'

 Program run successfully
