17:11: 2  17/ 4/2025

 Program to calculate adiabats as a function of R and theta for dipolar scattering
 including static electric and MW fields

 Basis set is symmetrized product of dc field dressed states of diatoms and photon states,
 which in general reads |til{n}1 mn1>|til{n}2 mn2>|N>

 Basis set uses monomer diatom nmax =  5

 Dressed basis set will be constructed at reference dc electric field = 21.6000 kV/cm

 Number of monomer basis functions =  36

 Theta and phi in degrees are   0.0 and   0.0

 Assigning a non-negative integer quantum number 'a' to represent each monomer state

 Mapping of monomer quantum numbers:
 ----------------------------- 
       a       n       mn      
 ----------------------------- 
       0       0       0
       1       1       0
       2       2       0
       3       3       0
       4       4       0
       5       5       0
       6       1      -1
       7       2      -1
       8       3      -1
       9       4      -1
      10       5      -1
      11       1       1
      12       2       1
      13       3       1
      14       4       1
      15       5       1
      16       2      -2
      17       3      -2
      18       4      -2
      19       5      -2
      20       2       2
      21       3       2
      22       4       2
      23       5       2
      24       3      -3
      25       4      -3
      26       5      -3
      27       3       3
      28       4       3
      29       5       3
      30       4      -4
      31       5      -4
      32       4       4
      33       5       4
      34       5      -5
      35       5       5

 Pair Hamiltonian basis set will be constructed using user input npair and ipair.

 Time (s) in pairbasis_builder:    5.60E-02

 -------------------------------
 Efield dressed monomer energies
 -------------------------------
      a       Energy (brot)     
 -------------------------------
      0       -1.2407E+00
      1        2.5168E+00
      2        6.2692E+00
      3        1.2119E+01
      4        2.0072E+01
      5        3.0264E+01
      6        1.5040E+00
      7        6.0942E+00
      8        1.2087E+01
      9        2.0061E+01
     10        3.0253E+01
     11        1.5040E+00
     12        6.0942E+00
     13        1.2087E+01
     14        2.0061E+01
     15        3.0253E+01
     16        5.7526E+00
     17        1.1996E+01
     18        2.0029E+01
     19        3.0222E+01
     20        5.7526E+00
     21        1.1996E+01
     22        2.0029E+01
     23        3.0222E+01
     24        1.1854E+01
     25        1.9977E+01
     26        3.0169E+01
     27        1.1854E+01
     28        1.9977E+01
     29        3.0169E+01
     30        1.9905E+01
     31        3.0095E+01
     32        1.9905E+01
     33        3.0095E+01
     34        3.0000E+01
     35        3.0000E+01

 -------------------------------------------------------------
        Pair state quantum numbers and diagonal energies      
 -------------------------------------------------------------
     State      a1       a2      nph      Energy (MHz)        
 -------------------------------------------------------------
        1        1        1        0      5.168308E+04
        2        0        2        0      5.162951E+04

 Potential terms will be constructed from  2 R-dependent term(s) and  3 asymptotic term(s).

 VCONST (cm-1) for optical field is  -0.00000000E+00

 Potential term  1

             1           2
    1   -4.22E-02
    2   -5.00E-01    1.88E-01

 Potential term  2

             1           2
    1   -2.05E-01
    2   -1.34E-01    1.69E-01

 Potential term  3

             1           2
    1    1.00E+00
    2    0.00E+00    1.00E+00

 Potential term  4

 All elements for this potential term are zero

 Potential term  5

 All elements for this potential term are zero

 Time (s) in coupling:    4.10E-02

 The thresholds (MHz) are
    5.1630E+04    5.1683E+04
 No. of R steps:     19951

 Time (s) in R loop:    7.00E-02

 Adiabats written to file 'calculated_adiabats.dat'

 Program run successfully
